\BOOKMARK [1][-]{section.1}{Description du probl\350me}{}% 1
\BOOKMARK [1][-]{section.2}{Description de l'impl\351mentation}{}% 2
\BOOKMARK [2][-]{subsection.2.1}{ Les besoins du programme :}{section.2}% 3
\BOOKMARK [3][-]{subsubsection.2.1.1}{Pour les indices de chaque ligne/colonne:}{subsection.2.1}% 4
\BOOKMARK [3][-]{subsubsection.2.1.2}{Pour repr\351senter la grille du picross :}{subsection.2.1}% 5
\BOOKMARK [3][-]{subsubsection.2.1.3}{Pour l’ensemble des indices de lignes/colonnes :}{subsection.2.1}% 6
\BOOKMARK [3][-]{subsubsection.2.1.4}{Pour ligmodif /colmodif}{subsection.2.1}% 7
\BOOKMARK [2][-]{subsection.2.2}{ Les classes}{section.2}% 8
\BOOKMARK [3][-]{subsubsection.2.2.1}{La classe Cell :}{subsection.2.2}% 9
\BOOKMARK [3][-]{subsubsection.2.2.2}{La classe Liste :}{subsection.2.2}% 10
\BOOKMARK [3][-]{subsubsection.2.2.3}{La classe Tabliste :}{subsection.2.2}% 11
\BOOKMARK [3][-]{subsubsection.2.2.4}{La classe Matrice :}{subsection.2.2}% 12
\BOOKMARK [2][-]{subsection.2.3}{ La classe Picross :}{section.2}% 13
\BOOKMARK [2][-]{subsection.2.4}{Les algorithmes remarquables :}{section.2}% 14
\BOOKMARK [3][-]{subsubsection.2.4.1}{SLG :}{subsection.2.4}% 15
\BOOKMARK [3][-]{subsubsection.2.4.2}{Backtrack :}{subsection.2.4}% 16
\BOOKMARK [3][-]{subsubsection.2.4.3}{Fusion :}{subsection.2.4}% 17
\BOOKMARK [3][-]{subsubsection.2.4.4}{remplirCasesSureBl :}{subsection.2.4}% 18
\BOOKMARK [3][-]{subsubsection.2.4.5}{remplirCaseBlcoince :}{subsection.2.4}% 19
\BOOKMARK [1][-]{section.3}{Description de la m\351thode de r\351solution utilis\351e}{}% 20
\BOOKMARK [2][-]{subsection.3.1}{La m\351thode SLG}{section.3}% 21
\BOOKMARK [2][-]{subsection.3.2}{R\351solution d'une ligne}{section.3}% 22
\BOOKMARK [3][-]{subsubsection.3.2.1}{Les m\351thodes SLPG et SLPD}{subsection.3.2}% 23
\BOOKMARK [3][-]{subsubsection.3.2.2}{La m\351thode Fusion}{subsection.3.2}% 24
